<?xml version="1.0" encoding="UTF-8"?>
<!-- Generated by org.testng.reporters.JUnitXMLReporter -->
<testsuite hostname="DESKTOP-3GE5BO6" ignored="2" name="Default test" tests="4" failures="0" timestamp="22 May 2020 18:40:54 GMT" time="179.79" errors="0">
  <testcase name="choseProduct" time="25.542" classname="com.training.regression.tests.LoginExcelTest"/>
  <testcase name="choseProduct" time="25.833" classname="com.training.regression.tests.LoginExcelTest"/>
  <testcase name="choseProduct" time="30.021" classname="com.training.regression.tests.LoginExcelTest"/>
  <testcase name="choseProduct" time="28.431" classname="com.training.regression.tests.LoginExcelTest"/>
  <testcase name="loginTest" time="0.0" classname="com.training.regression.tests.LoginExcelTest">
    <ignored/>
  </testcase> <!-- loginTest -->
  <testcase name="choseProduct" time="0.0" classname="com.training.regression.tests.LoginExcelTest">
    <ignored/>
  </testcase> <!-- choseProduct -->
</testsuite> <!-- Default test -->
