<?xml version="1.0" encoding="UTF-8"?>
<testng-results skipped="0" failed="0" ignored="2" total="5" passed="3">
  <reporter-output>
  </reporter-output>
  <suite name="Default suite" duration-ms="101297" started-at="2020-05-20T03:28:25Z" finished-at="2020-05-20T03:30:07Z">
    <groups>
    </groups>
    <test name="Default test" duration-ms="101297" started-at="2020-05-20T03:28:25Z" finished-at="2020-05-20T03:30:07Z">
      <class name="com.training.sanity.tests.LoginTests">
        <test-method status="PASS" signature="setUpBeforeClass()[pri:0, instance:com.training.sanity.tests.LoginTests@8417cc8]" name="setUpBeforeClass" is-config="true" duration-ms="13" started-at="2020-05-20T08:58:25Z" finished-at="2020-05-20T08:58:25Z">
          <reporter-output>
          </reporter-output>
        </test-method> <!-- setUpBeforeClass -->
        <test-method status="PASS" signature="setUp()[pri:0, instance:com.training.sanity.tests.LoginTests@8417cc8]" name="setUp" is-config="true" duration-ms="18325" started-at="2020-05-20T08:58:25Z" finished-at="2020-05-20T08:58:44Z">
          <reporter-output>
          </reporter-output>
        </test-method> <!-- setUp -->
        <test-method status="PASS" signature="validLoginTest5()[pri:1, instance:com.training.sanity.tests.LoginTests@8417cc8]" name="validLoginTest5" duration-ms="8548" started-at="2020-05-20T08:58:44Z" finished-at="2020-05-20T08:58:52Z">
          <reporter-output>
          </reporter-output>
        </test-method> <!-- validLoginTest5 -->
        <test-method status="PASS" signature="tearDown()[pri:0, instance:com.training.sanity.tests.LoginTests@8417cc8]" name="tearDown" is-config="true" duration-ms="3002" started-at="2020-05-20T08:58:52Z" finished-at="2020-05-20T08:58:55Z">
          <reporter-output>
          </reporter-output>
        </test-method> <!-- tearDown -->
        <test-method status="PASS" signature="setUp()[pri:0, instance:com.training.sanity.tests.LoginTests@8417cc8]" name="setUp" is-config="true" duration-ms="17442" started-at="2020-05-20T08:58:55Z" finished-at="2020-05-20T08:59:13Z">
          <reporter-output>
          </reporter-output>
        </test-method> <!-- setUp -->
        <test-method status="PASS" signature="validLoginTest4()[pri:2, instance:com.training.sanity.tests.LoginTests@8417cc8]" name="validLoginTest4" duration-ms="19008" started-at="2020-05-20T08:59:13Z" finished-at="2020-05-20T08:59:32Z">
          <reporter-output>
          </reporter-output>
        </test-method> <!-- validLoginTest4 -->
        <test-method status="PASS" signature="tearDown()[pri:0, instance:com.training.sanity.tests.LoginTests@8417cc8]" name="tearDown" is-config="true" duration-ms="3001" started-at="2020-05-20T08:59:32Z" finished-at="2020-05-20T08:59:35Z">
          <reporter-output>
          </reporter-output>
        </test-method> <!-- tearDown -->
        <test-method status="PASS" signature="setUp()[pri:0, instance:com.training.sanity.tests.LoginTests@8417cc8]" name="setUp" is-config="true" duration-ms="17406" started-at="2020-05-20T08:59:35Z" finished-at="2020-05-20T08:59:52Z">
          <reporter-output>
          </reporter-output>
        </test-method> <!-- setUp -->
        <test-method status="PASS" signature="validLoginTest3()[pri:3, instance:com.training.sanity.tests.LoginTests@8417cc8]" name="validLoginTest3" duration-ms="11507" started-at="2020-05-20T08:59:52Z" finished-at="2020-05-20T09:00:04Z">
          <reporter-output>
          </reporter-output>
        </test-method> <!-- validLoginTest3 -->
        <test-method status="PASS" signature="tearDown()[pri:0, instance:com.training.sanity.tests.LoginTests@8417cc8]" name="tearDown" is-config="true" duration-ms="3001" started-at="2020-05-20T09:00:04Z" finished-at="2020-05-20T09:00:07Z">
          <reporter-output>
          </reporter-output>
        </test-method> <!-- tearDown -->
      </class> <!-- com.training.sanity.tests.LoginTests -->
    </test> <!-- Default test -->
  </suite> <!-- Default suite -->
</testng-results>
